<?xml version="1.0" encoding="UTF-8"?>
<!-- Generated by org.testng.reporters.JUnitReportReporter -->
<testsuite hostname="Mac-Air" failures="0" tests="1" name="uk.co.automationtesting.ChallangeNovo.OrderCompleteTest2" time="11.683" errors="0" timestamp="2023-09-14T06:15:44 BRT" skipped="0">
  <testcase classname="uk.co.automationtesting.ChallangeNovo.OrderCompleteTest2" name="endToEndTest" time="11.683"/>
  <system-out/>
</testsuite> <!-- uk.co.automationtesting.ChallangeNovo.OrderCompleteTest2 -->
