<?xml version="1.0" encoding="UTF-8"?>
<!-- Generated by org.testng.reporters.JUnitReportReporter -->
<testsuite hostname="Mac-Air" failures="0" tests="3" name="uk.co.automationtesting.ChallangeNovo.OrderCompleteTest" time="23.470" errors="0" timestamp="2023-09-14T12:38:08 BRT" skipped="0">
  <testcase classname="uk.co.automationtesting.ChallangeNovo.OrderCompleteTest" name="endToEndTest" time="7.147"/>
  <system-out/>
  <testcase classname="uk.co.automationtesting.ChallangeNovo.OrderCompleteTest" name="endToEndTest2" time="7.795"/>
  <system-out/>
  <testcase classname="uk.co.automationtesting.ChallangeNovo.OrderCompleteTest" name="endToEndTeste" time="8.528"/>
  <system-out/>
</testsuite> <!-- uk.co.automationtesting.ChallangeNovo.OrderCompleteTest -->
