<?xml version="1.0" encoding="UTF-8"?>
<!-- Generated by org.testng.reporters.JUnitReportReporter -->
<testsuite hostname="Mac-Air" failures="0" tests="1" name="TestCases.CheckBoxTests2" time="2.149" errors="0" timestamp="2023-09-14T12:38:08 BRT" skipped="0">
  <testcase classname="TestCases.CheckBoxTests2" name="selectingTwoCheckboxesTest" time="2.149"/>
  <system-out/>
</testsuite> <!-- TestCases.CheckBoxTests2 -->
