<?xml version="1.0" encoding="UTF-8"?>
<!-- Generated by org.testng.reporters.JUnitReportReporter -->
<testsuite hostname="Mac-Air" failures="0" tests="1" name="uk.co.automationtesting.ChallangeNovo.ContactFormTest" time="1.603" errors="0" timestamp="2023-09-14T12:38:07 BRT" skipped="0">
  <testcase classname="uk.co.automationtesting.ChallangeNovo.ContactFormTest" name="endToEndTest" time="1.603"/>
  <system-out/>
</testsuite> <!-- uk.co.automationtesting.ChallangeNovo.ContactFormTest -->
