<?xml version="1.0" encoding="UTF-8"?>
<!-- Generated by org.testng.reporters.JUnitReportReporter -->
<testsuite hostname="Mac-Air" failures="0" tests="1" name="TestCases.SeachingTripTest01" time="7.528" errors="0" timestamp="2023-09-17T15:41:27 BRT" skipped="0">
  <testcase classname="TestCases.SeachingTripTest01" name="startingFirstJourning" time="7.528"/>
  <system-out/>
</testsuite> <!-- TestCases.SeachingTripTest01 -->
