<?xml version="1.0" encoding="UTF-8"?>
<!-- Generated by org.testng.reporters.JUnitReportReporter -->
<testsuite hostname="Mac-Air" failures="0" tests="1" name="uk.co.automationtesting.ChallangeNovo.L07_Surefire" time="0.023" errors="0" timestamp="2023-08-11T12:16:33 BRT" skipped="0">
  <testcase classname="uk.co.automationtesting.ChallangeNovo.L07_Surefire" name="testng2" time="0.023"/>
  <system-out/>
</testsuite> <!-- uk.co.automationtesting.ChallangeNovo.L07_Surefire -->
