<?xml version="1.0" encoding="UTF-8"?>
<!-- Generated by org.testng.reporters.JUnitReportReporter -->
<testsuite hostname="Mac-Air" failures="0" tests="1" name="TestCases.ShopLoginTest" time="15.525" errors="0" timestamp="2023-09-14T06:23:34 BRT" skipped="0">
  <testcase classname="TestCases.ShopLoginTest" name="Login" time="15.525"/>
  <system-out/>
</testsuite> <!-- TestCases.ShopLoginTest -->
